<?xml version="1.0" encoding="UTF-8"?>
<!-- Generated by org.testng.reporters.JUnitXMLReporter -->
<testsuite ignored="0" hostname="DESKTOP-HPIDB9I" failures="0" tests="5" name="API tests" time="7.776" errors="0" timestamp="2022-08-09T19:55:39 MSK">
  <testcase classname="com.it_academy.rest_api.APITest" name="testThatAllFilteredProductsHasNamePrefixFromValue" time="4.876"/>
  <testcase classname="com.it_academy.rest_api.APITest" name="testThatSushiProductFullNameNotEmpty" time="1.439"/>
  <testcase classname="com.it_academy.rest_api.APITest" name="testThatSushiProductIdNotEmpty" time="0.352"/>
  <testcase classname="com.it_academy.rest_api.APITest" name="testThatSushiProductKeyNotEmpty" time="0.454"/>
  <testcase classname="com.it_academy.rest_api.APITest" name="testThatSushiProductNameNotEmpty" time="0.35"/>
</testsuite> <!-- API tests -->
