<?xml version="1.0" encoding="UTF-8"?>
<!-- Generated by org.testng.reporters.JUnitXMLReporter -->
<testsuite ignored="0" hostname="DESKTOP-HPIDB9I" failures="0" tests="14" name="Parallel Tests chrome" time="107.224" errors="0" timestamp="2022-08-09T19:57:18 MSK">
  <testcase classname="com.it_academy.page_object.testNg.OnlinerHeaderPageTest" name="testAssertThatCarMarketDropdownListContainsValue" time="5.096"/>
  <testcase classname="com.it_academy.page_object.testNg.OnlinerHeaderPageTest" name="testAssertThatCarMarketDropdownListContainsValue" time="5.223"/>
  <testcase classname="com.it_academy.page_object.testNg.OnlinerHeaderPageTest" name="testAssertThatCarMarketDropdownListContainsValue" time="7.41"/>
  <testcase classname="com.it_academy.page_object.testNg.OnlinerHeaderPageTest" name="testAssertThatCarMarketDropdownListContainsValue" time="11.98"/>
  <testcase classname="com.it_academy.page_object.testNg.OnlinerHeaderPageTest" name="testAssertThatCarMarketDropdownListContainsValue" time="17.312"/>
  <testcase classname="com.it_academy.page_object.testNg.OnlinerHeaderPageTest" name="testAssertThatCarMarketDropdownListHasSize" time="0.948"/>
  <testcase classname="com.it_academy.page_object.testNg.OnlinerHeaderPageTest" name="testAssertThatDropdownListIsDisplayedWhenMouseOnCarMarketTitle" time="10.48"/>
  <testcase classname="com.it_academy.page_object.testNg.OnlinerHeaderPageTest" name="testAssertThatDropdownListIsDisplayedWhenMouseOnHousesAndFlatsTitle" time="9.912"/>
  <testcase classname="com.it_academy.page_object.testNg.OnlinerHeaderPageTest" name="testAssertThatHousesAndFlatsDropdownListContainsValue" time="1.712"/>
  <testcase classname="com.it_academy.page_object.testNg.OnlinerHeaderPageTest" name="testAssertThatHousesAndFlatsDropdownListContainsValue" time="3.315"/>
  <testcase classname="com.it_academy.page_object.testNg.OnlinerHeaderPageTest" name="testAssertThatHousesAndFlatsDropdownListContainsValue" time="6.342"/>
  <testcase classname="com.it_academy.page_object.testNg.OnlinerHeaderPageTest" name="testAssertThatHousesAndFlatsDropdownListContainsValue" time="6.966"/>
  <testcase classname="com.it_academy.page_object.testNg.OnlinerHeaderPageTest" name="testAssertThatHousesAndFlatsDropdownListContainsValue" time="8.02"/>
  <testcase classname="com.it_academy.page_object.testNg.OnlinerHeaderPageTest" name="testAssertThatHousesAndFlatsDropdownListHasSize" time="1.161"/>
</testsuite> <!-- Parallel Tests chrome -->
