<?xml version="1.0" encoding="UTF-8"?>
<!-- Generated by org.testng.reporters.JUnitXMLReporter -->
<testsuite ignored="0" hostname="DESKTOP-HPIDB9I" failures="0" tests="16" name="Parallel Tests firefox" time="115.155" errors="0" timestamp="2022-08-09T19:57:26 MSK">
  <testcase classname="com.it_academy.page_object.testNg.OnlinerCatalogPageTest" name="testAssertThatAllItemsMinPriceVisible" time="31.204"/>
  <testcase classname="com.it_academy.page_object.testNg.OnlinerCatalogPageTest" name="testAssertThatAllItemsQuantityVisible" time="20.78"/>
  <testcase classname="com.it_academy.page_object.testNg.OnlinerCatalogPageTest" name="testAssertThatAllItemsTitlesVisible" time="13.031"/>
  <testcase classname="com.it_academy.page_object.testNg.OnlinerCatalogPageTest" name="testIsItemFromHorizontalListVisible" time="2.428"/>
  <testcase classname="com.it_academy.page_object.testNg.OnlinerCatalogPageTest" name="testIsItemFromHorizontalListVisible" time="1.637"/>
  <testcase classname="com.it_academy.page_object.testNg.OnlinerCatalogPageTest" name="testIsItemFromHorizontalListVisible" time="1.702"/>
  <testcase classname="com.it_academy.page_object.testNg.OnlinerCatalogPageTest" name="testIsItemFromHorizontalListVisible" time="1.843"/>
  <testcase classname="com.it_academy.page_object.testNg.OnlinerCatalogPageTest" name="testIsItemFromHorizontalListVisible" time="7.353"/>
  <testcase classname="com.it_academy.page_object.testNg.OnlinerCatalogPageTest" name="testIsItemFromHorizontalListVisible" time="2.458"/>
  <testcase classname="com.it_academy.page_object.testNg.OnlinerCatalogPageTest" name="testIsItemFromHorizontalListVisible" time="1.607"/>
  <testcase classname="com.it_academy.page_object.testNg.OnlinerCatalogPageTest" name="testIsItemFromHorizontalListVisible" time="1.801"/>
  <testcase classname="com.it_academy.page_object.testNg.OnlinerCatalogPageTest" name="testIsItemFromHorizontalListVisible" time="1.679"/>
  <testcase classname="com.it_academy.page_object.testNg.OnlinerCatalogPageTest" name="testIsItemFromVerticalListVisible" time="5.4"/>
  <testcase classname="com.it_academy.page_object.testNg.OnlinerCatalogPageTest" name="testIsItemFromVerticalListVisible" time="4.911"/>
  <testcase classname="com.it_academy.page_object.testNg.OnlinerCatalogPageTest" name="testIsItemFromVerticalListVisible" time="5.655"/>
  <testcase classname="com.it_academy.page_object.testNg.OnlinerCatalogPageTest" name="testIsItemFromVerticalListVisible" time="4.865"/>
</testsuite> <!-- Parallel Tests firefox -->
