<?xml version="1.0" encoding="UTF-8"?>
<testng-results ignored="0" total="35" passed="35" failed="0" skipped="0">
  <reporter-output>
  </reporter-output>
  <suite started-at="2022-08-09T19:55:31 MSK" name="Parallel Testing Suite" finished-at="2022-08-09T19:57:26 MSK" duration-ms="115155">
    <groups>
    </groups>
    <test started-at="2022-08-09T19:55:31 MSK" name="API tests" finished-at="2022-08-09T19:55:39 MSK" duration-ms="7776">
      <class name="com.it_academy.rest_api.APITest">
        <test-method signature="testThatAllFilteredProductsHasNamePrefixFromValue()[pri:0, instance:com.it_academy.rest_api.APITest@61ae0d43]" started-at="2022-08-09T19:55:31 MSK" name="testThatAllFilteredProductsHasNamePrefixFromValue" finished-at="2022-08-09T19:55:36 MSK" duration-ms="4876" status="PASS">
          <reporter-output>
          </reporter-output>
        </test-method> <!-- testThatAllFilteredProductsHasNamePrefixFromValue -->
        <test-method signature="testThatSushiProductFullNameNotEmpty()[pri:0, instance:com.it_academy.rest_api.APITest@61ae0d43]" started-at="2022-08-09T19:55:36 MSK" name="testThatSushiProductFullNameNotEmpty" finished-at="2022-08-09T19:55:38 MSK" duration-ms="1439" status="PASS">
          <reporter-output>
          </reporter-output>
        </test-method> <!-- testThatSushiProductFullNameNotEmpty -->
        <test-method signature="testThatSushiProductIdNotEmpty()[pri:0, instance:com.it_academy.rest_api.APITest@61ae0d43]" started-at="2022-08-09T19:55:38 MSK" name="testThatSushiProductIdNotEmpty" finished-at="2022-08-09T19:55:38 MSK" duration-ms="352" status="PASS">
          <reporter-output>
          </reporter-output>
        </test-method> <!-- testThatSushiProductIdNotEmpty -->
        <test-method signature="testThatSushiProductKeyNotEmpty()[pri:0, instance:com.it_academy.rest_api.APITest@61ae0d43]" started-at="2022-08-09T19:55:38 MSK" name="testThatSushiProductKeyNotEmpty" finished-at="2022-08-09T19:55:38 MSK" duration-ms="454" status="PASS">
          <reporter-output>
          </reporter-output>
        </test-method> <!-- testThatSushiProductKeyNotEmpty -->
        <test-method signature="testThatSushiProductNameNotEmpty()[pri:0, instance:com.it_academy.rest_api.APITest@61ae0d43]" started-at="2022-08-09T19:55:38 MSK" name="testThatSushiProductNameNotEmpty" finished-at="2022-08-09T19:55:39 MSK" duration-ms="350" status="PASS">
          <reporter-output>
          </reporter-output>
        </test-method> <!-- testThatSushiProductNameNotEmpty -->
      </class> <!-- com.it_academy.rest_api.APITest -->
    </test> <!-- API tests -->
    <test started-at="2022-08-09T19:55:31 MSK" name="Parallel Tests chrome" finished-at="2022-08-09T19:57:18 MSK" duration-ms="107224">
      <class name="com.it_academy.page_object.testNg.OnlinerHeaderPageTest">
        <test-method is-config="true" signature="testOpenBrowser(java.lang.String,boolean)[pri:0, instance:com.it_academy.page_object.testNg.OnlinerHeaderPageTest@318c68d5]" started-at="2022-08-09T19:55:31 MSK" name="testOpenBrowser" finished-at="2022-08-09T19:55:42 MSK" duration-ms="11253" status="PASS">
          <params>
            <param index="0">
              <value>
                <![CDATA[chrome]]>
              </value>
            </param>
            <param index="1">
              <value>
                <![CDATA[false]]>
              </value>
            </param>
          </params>
          <reporter-output>
          </reporter-output>
        </test-method> <!-- testOpenBrowser -->
        <test-method signature="testAssertThatCarMarketDropdownListContainsValue(java.lang.String)[pri:0, instance:com.it_academy.page_object.testNg.OnlinerHeaderPageTest@318c68d5]" started-at="2022-08-09T19:55:42 MSK" name="testAssertThatCarMarketDropdownListContainsValue" data-provider="car-market-params" finished-at="2022-08-09T19:55:47 MSK" duration-ms="5096" status="PASS">
          <params>
            <param index="0">
              <value>
                <![CDATA[Минск]]>
              </value>
            </param>
          </params>
          <reporter-output>
          </reporter-output>
        </test-method> <!-- testAssertThatCarMarketDropdownListContainsValue -->
        <test-method signature="testAssertThatCarMarketDropdownListContainsValue(java.lang.String)[pri:0, instance:com.it_academy.page_object.testNg.OnlinerHeaderPageTest@318c68d5]" started-at="2022-08-09T19:55:47 MSK" name="testAssertThatCarMarketDropdownListContainsValue" data-provider="car-market-params" finished-at="2022-08-09T19:55:53 MSK" duration-ms="5223" status="PASS">
          <params>
            <param index="0">
              <value>
                <![CDATA[Гомель]]>
              </value>
            </param>
          </params>
          <reporter-output>
          </reporter-output>
        </test-method> <!-- testAssertThatCarMarketDropdownListContainsValue -->
        <test-method signature="testAssertThatCarMarketDropdownListContainsValue(java.lang.String)[pri:0, instance:com.it_academy.page_object.testNg.OnlinerHeaderPageTest@318c68d5]" started-at="2022-08-09T19:55:53 MSK" name="testAssertThatCarMarketDropdownListContainsValue" data-provider="car-market-params" finished-at="2022-08-09T19:56:00 MSK" duration-ms="7410" status="PASS">
          <params>
            <param index="0">
              <value>
                <![CDATA[Брест]]>
              </value>
            </param>
          </params>
          <reporter-output>
          </reporter-output>
        </test-method> <!-- testAssertThatCarMarketDropdownListContainsValue -->
        <test-method signature="testAssertThatCarMarketDropdownListContainsValue(java.lang.String)[pri:0, instance:com.it_academy.page_object.testNg.OnlinerHeaderPageTest@318c68d5]" started-at="2022-08-09T19:56:00 MSK" name="testAssertThatCarMarketDropdownListContainsValue" data-provider="car-market-params" finished-at="2022-08-09T19:56:12 MSK" duration-ms="11980" status="PASS">
          <params>
            <param index="0">
              <value>
                <![CDATA[Opel]]>
              </value>
            </param>
          </params>
          <reporter-output>
          </reporter-output>
        </test-method> <!-- testAssertThatCarMarketDropdownListContainsValue -->
        <test-method signature="testAssertThatCarMarketDropdownListContainsValue(java.lang.String)[pri:0, instance:com.it_academy.page_object.testNg.OnlinerHeaderPageTest@318c68d5]" started-at="2022-08-09T19:56:12 MSK" name="testAssertThatCarMarketDropdownListContainsValue" data-provider="car-market-params" finished-at="2022-08-09T19:56:29 MSK" duration-ms="17312" status="PASS">
          <params>
            <param index="0">
              <value>
                <![CDATA[Kawasaki]]>
              </value>
            </param>
          </params>
          <reporter-output>
          </reporter-output>
        </test-method> <!-- testAssertThatCarMarketDropdownListContainsValue -->
        <test-method signature="testAssertThatCarMarketDropdownListHasSize()[pri:0, instance:com.it_academy.page_object.testNg.OnlinerHeaderPageTest@318c68d5]" started-at="2022-08-09T19:56:29 MSK" name="testAssertThatCarMarketDropdownListHasSize" finished-at="2022-08-09T19:56:30 MSK" duration-ms="948" status="PASS">
          <reporter-output>
          </reporter-output>
        </test-method> <!-- testAssertThatCarMarketDropdownListHasSize -->
        <test-method signature="testAssertThatDropdownListIsDisplayedWhenMouseOnCarMarketTitle()[pri:0, instance:com.it_academy.page_object.testNg.OnlinerHeaderPageTest@318c68d5]" started-at="2022-08-09T19:56:30 MSK" name="testAssertThatDropdownListIsDisplayedWhenMouseOnCarMarketTitle" finished-at="2022-08-09T19:56:41 MSK" duration-ms="10480" status="PASS">
          <reporter-output>
          </reporter-output>
        </test-method> <!-- testAssertThatDropdownListIsDisplayedWhenMouseOnCarMarketTitle -->
        <test-method signature="testAssertThatDropdownListIsDisplayedWhenMouseOnHousesAndFlatsTitle()[pri:0, instance:com.it_academy.page_object.testNg.OnlinerHeaderPageTest@318c68d5]" started-at="2022-08-09T19:56:41 MSK" name="testAssertThatDropdownListIsDisplayedWhenMouseOnHousesAndFlatsTitle" finished-at="2022-08-09T19:56:51 MSK" duration-ms="9912" status="PASS">
          <reporter-output>
          </reporter-output>
        </test-method> <!-- testAssertThatDropdownListIsDisplayedWhenMouseOnHousesAndFlatsTitle -->
        <test-method signature="testAssertThatHousesAndFlatsDropdownListContainsValue(java.lang.String)[pri:0, instance:com.it_academy.page_object.testNg.OnlinerHeaderPageTest@318c68d5]" started-at="2022-08-09T19:56:51 MSK" name="testAssertThatHousesAndFlatsDropdownListContainsValue" data-provider="houses-and-flats-params" finished-at="2022-08-09T19:56:52 MSK" duration-ms="1712" status="PASS">
          <params>
            <param index="0">
              <value>
                <![CDATA[Минск]]>
              </value>
            </param>
          </params>
          <reporter-output>
          </reporter-output>
        </test-method> <!-- testAssertThatHousesAndFlatsDropdownListContainsValue -->
        <test-method signature="testAssertThatHousesAndFlatsDropdownListContainsValue(java.lang.String)[pri:0, instance:com.it_academy.page_object.testNg.OnlinerHeaderPageTest@318c68d5]" started-at="2022-08-09T19:56:52 MSK" name="testAssertThatHousesAndFlatsDropdownListContainsValue" data-provider="houses-and-flats-params" finished-at="2022-08-09T19:56:56 MSK" duration-ms="3315" status="PASS">
          <params>
            <param index="0">
              <value>
                <![CDATA[Гомель]]>
              </value>
            </param>
          </params>
          <reporter-output>
          </reporter-output>
        </test-method> <!-- testAssertThatHousesAndFlatsDropdownListContainsValue -->
        <test-method signature="testAssertThatHousesAndFlatsDropdownListContainsValue(java.lang.String)[pri:0, instance:com.it_academy.page_object.testNg.OnlinerHeaderPageTest@318c68d5]" started-at="2022-08-09T19:56:56 MSK" name="testAssertThatHousesAndFlatsDropdownListContainsValue" data-provider="houses-and-flats-params" finished-at="2022-08-09T19:57:02 MSK" duration-ms="6342" status="PASS">
          <params>
            <param index="0">
              <value>
                <![CDATA[2-комнатные]]>
              </value>
            </param>
          </params>
          <reporter-output>
          </reporter-output>
        </test-method> <!-- testAssertThatHousesAndFlatsDropdownListContainsValue -->
        <test-method signature="testAssertThatHousesAndFlatsDropdownListContainsValue(java.lang.String)[pri:0, instance:com.it_academy.page_object.testNg.OnlinerHeaderPageTest@318c68d5]" started-at="2022-08-09T19:57:02 MSK" name="testAssertThatHousesAndFlatsDropdownListContainsValue" data-provider="houses-and-flats-params" finished-at="2022-08-09T19:57:09 MSK" duration-ms="6966" status="PASS">
          <params>
            <param index="0">
              <value>
                <![CDATA[3-комнатные]]>
              </value>
            </param>
          </params>
          <reporter-output>
          </reporter-output>
        </test-method> <!-- testAssertThatHousesAndFlatsDropdownListContainsValue -->
        <test-method signature="testAssertThatHousesAndFlatsDropdownListContainsValue(java.lang.String)[pri:0, instance:com.it_academy.page_object.testNg.OnlinerHeaderPageTest@318c68d5]" started-at="2022-08-09T19:57:09 MSK" name="testAssertThatHousesAndFlatsDropdownListContainsValue" data-provider="houses-and-flats-params" finished-at="2022-08-09T19:57:17 MSK" duration-ms="8020" status="PASS">
          <params>
            <param index="0">
              <value>
                <![CDATA[$]]>
              </value>
            </param>
          </params>
          <reporter-output>
          </reporter-output>
        </test-method> <!-- testAssertThatHousesAndFlatsDropdownListContainsValue -->
        <test-method signature="testAssertThatHousesAndFlatsDropdownListHasSize()[pri:0, instance:com.it_academy.page_object.testNg.OnlinerHeaderPageTest@318c68d5]" started-at="2022-08-09T19:57:17 MSK" name="testAssertThatHousesAndFlatsDropdownListHasSize" finished-at="2022-08-09T19:57:18 MSK" duration-ms="1161" status="PASS">
          <reporter-output>
          </reporter-output>
        </test-method> <!-- testAssertThatHousesAndFlatsDropdownListHasSize -->
        <test-method is-config="true" signature="close()[pri:0, instance:com.it_academy.page_object.testNg.OnlinerHeaderPageTest@318c68d5]" started-at="2022-08-09T19:57:18 MSK" name="close" finished-at="2022-08-09T19:57:18 MSK" duration-ms="1" status="PASS">
          <reporter-output>
          </reporter-output>
        </test-method> <!-- close -->
      </class> <!-- com.it_academy.page_object.testNg.OnlinerHeaderPageTest -->
    </test> <!-- Parallel Tests chrome -->
    <test started-at="2022-08-09T19:55:31 MSK" name="Parallel Tests firefox" finished-at="2022-08-09T19:57:26 MSK" duration-ms="115155">
      <class name="com.it_academy.page_object.testNg.OnlinerCatalogPageTest">
        <test-method is-config="true" signature="openBrowser(java.lang.String,boolean)[pri:0, instance:com.it_academy.page_object.testNg.OnlinerCatalogPageTest@3d299393]" started-at="2022-08-09T19:55:31 MSK" name="openBrowser" finished-at="2022-08-09T19:55:38 MSK" duration-ms="6707" status="PASS">
          <params>
            <param index="0">
              <value>
                <![CDATA[firefox]]>
              </value>
            </param>
            <param index="1">
              <value>
                <![CDATA[false]]>
              </value>
            </param>
          </params>
          <reporter-output>
          </reporter-output>
        </test-method> <!-- openBrowser -->
        <test-method signature="testAssertThatAllItemsMinPriceVisible()[pri:0, instance:com.it_academy.page_object.testNg.OnlinerCatalogPageTest@3d299393]" started-at="2022-08-09T19:55:38 MSK" name="testAssertThatAllItemsMinPriceVisible" finished-at="2022-08-09T19:56:09 MSK" duration-ms="31204" status="PASS">
          <reporter-output>
          </reporter-output>
        </test-method> <!-- testAssertThatAllItemsMinPriceVisible -->
        <test-method signature="testAssertThatAllItemsQuantityVisible()[pri:0, instance:com.it_academy.page_object.testNg.OnlinerCatalogPageTest@3d299393]" started-at="2022-08-09T19:56:09 MSK" name="testAssertThatAllItemsQuantityVisible" finished-at="2022-08-09T19:56:30 MSK" duration-ms="20780" status="PASS">
          <reporter-output>
          </reporter-output>
        </test-method> <!-- testAssertThatAllItemsQuantityVisible -->
        <test-method signature="testAssertThatAllItemsTitlesVisible()[pri:0, instance:com.it_academy.page_object.testNg.OnlinerCatalogPageTest@3d299393]" started-at="2022-08-09T19:56:30 MSK" name="testAssertThatAllItemsTitlesVisible" finished-at="2022-08-09T19:56:43 MSK" duration-ms="13031" status="PASS">
          <reporter-output>
          </reporter-output>
        </test-method> <!-- testAssertThatAllItemsTitlesVisible -->
        <test-method signature="testIsItemFromHorizontalListVisible(java.lang.String)[pri:0, instance:com.it_academy.page_object.testNg.OnlinerCatalogPageTest@3d299393]" started-at="2022-08-09T19:56:43 MSK" name="testIsItemFromHorizontalListVisible" data-provider="horizontal-categories-params" finished-at="2022-08-09T19:56:45 MSK" duration-ms="2428" status="PASS">
          <params>
            <param index="0">
              <value>
                <![CDATA[Электроника]]>
              </value>
            </param>
          </params>
          <reporter-output>
          </reporter-output>
        </test-method> <!-- testIsItemFromHorizontalListVisible -->
        <test-method signature="testIsItemFromHorizontalListVisible(java.lang.String)[pri:0, instance:com.it_academy.page_object.testNg.OnlinerCatalogPageTest@3d299393]" started-at="2022-08-09T19:56:45 MSK" name="testIsItemFromHorizontalListVisible" data-provider="horizontal-categories-params" finished-at="2022-08-09T19:56:47 MSK" duration-ms="1637" status="PASS">
          <params>
            <param index="0">
              <value>
                <![CDATA[Компьютеры и сети]]>
              </value>
            </param>
          </params>
          <reporter-output>
          </reporter-output>
        </test-method> <!-- testIsItemFromHorizontalListVisible -->
        <test-method signature="testIsItemFromHorizontalListVisible(java.lang.String)[pri:0, instance:com.it_academy.page_object.testNg.OnlinerCatalogPageTest@3d299393]" started-at="2022-08-09T19:56:47 MSK" name="testIsItemFromHorizontalListVisible" data-provider="horizontal-categories-params" finished-at="2022-08-09T19:56:48 MSK" duration-ms="1702" status="PASS">
          <params>
            <param index="0">
              <value>
                <![CDATA[Бытовая техника]]>
              </value>
            </param>
          </params>
          <reporter-output>
          </reporter-output>
        </test-method> <!-- testIsItemFromHorizontalListVisible -->
        <test-method signature="testIsItemFromHorizontalListVisible(java.lang.String)[pri:0, instance:com.it_academy.page_object.testNg.OnlinerCatalogPageTest@3d299393]" started-at="2022-08-09T19:56:48 MSK" name="testIsItemFromHorizontalListVisible" data-provider="horizontal-categories-params" finished-at="2022-08-09T19:56:50 MSK" duration-ms="1843" status="PASS">
          <params>
            <param index="0">
              <value>
                <![CDATA[Стройка и ремонт]]>
              </value>
            </param>
          </params>
          <reporter-output>
          </reporter-output>
        </test-method> <!-- testIsItemFromHorizontalListVisible -->
        <test-method signature="testIsItemFromHorizontalListVisible(java.lang.String)[pri:0, instance:com.it_academy.page_object.testNg.OnlinerCatalogPageTest@3d299393]" started-at="2022-08-09T19:56:50 MSK" name="testIsItemFromHorizontalListVisible" data-provider="horizontal-categories-params" finished-at="2022-08-09T19:56:58 MSK" duration-ms="7353" status="PASS">
          <params>
            <param index="0">
              <value>
                <![CDATA[Дом и сад]]>
              </value>
            </param>
          </params>
          <reporter-output>
          </reporter-output>
        </test-method> <!-- testIsItemFromHorizontalListVisible -->
        <test-method signature="testIsItemFromHorizontalListVisible(java.lang.String)[pri:0, instance:com.it_academy.page_object.testNg.OnlinerCatalogPageTest@3d299393]" started-at="2022-08-09T19:56:58 MSK" name="testIsItemFromHorizontalListVisible" data-provider="horizontal-categories-params" finished-at="2022-08-09T19:57:00 MSK" duration-ms="2458" status="PASS">
          <params>
            <param index="0">
              <value>
                <![CDATA[Авто и]]>
              </value>
            </param>
          </params>
          <reporter-output>
          </reporter-output>
        </test-method> <!-- testIsItemFromHorizontalListVisible -->
        <test-method signature="testIsItemFromHorizontalListVisible(java.lang.String)[pri:0, instance:com.it_academy.page_object.testNg.OnlinerCatalogPageTest@3d299393]" started-at="2022-08-09T19:57:00 MSK" name="testIsItemFromHorizontalListVisible" data-provider="horizontal-categories-params" finished-at="2022-08-09T19:57:02 MSK" duration-ms="1607" status="PASS">
          <params>
            <param index="0">
              <value>
                <![CDATA[Красота и спорт]]>
              </value>
            </param>
          </params>
          <reporter-output>
          </reporter-output>
        </test-method> <!-- testIsItemFromHorizontalListVisible -->
        <test-method signature="testIsItemFromHorizontalListVisible(java.lang.String)[pri:0, instance:com.it_academy.page_object.testNg.OnlinerCatalogPageTest@3d299393]" started-at="2022-08-09T19:57:02 MSK" name="testIsItemFromHorizontalListVisible" data-provider="horizontal-categories-params" finished-at="2022-08-09T19:57:04 MSK" duration-ms="1801" status="PASS">
          <params>
            <param index="0">
              <value>
                <![CDATA[Детям и мамам]]>
              </value>
            </param>
          </params>
          <reporter-output>
          </reporter-output>
        </test-method> <!-- testIsItemFromHorizontalListVisible -->
        <test-method signature="testIsItemFromHorizontalListVisible(java.lang.String)[pri:0, instance:com.it_academy.page_object.testNg.OnlinerCatalogPageTest@3d299393]" started-at="2022-08-09T19:57:04 MSK" name="testIsItemFromHorizontalListVisible" data-provider="horizontal-categories-params" finished-at="2022-08-09T19:57:05 MSK" duration-ms="1679" status="PASS">
          <params>
            <param index="0">
              <value>
                <![CDATA[Работа и офис]]>
              </value>
            </param>
          </params>
          <reporter-output>
          </reporter-output>
        </test-method> <!-- testIsItemFromHorizontalListVisible -->
        <test-method signature="testIsItemFromVerticalListVisible(java.lang.String)[pri:0, instance:com.it_academy.page_object.testNg.OnlinerCatalogPageTest@3d299393]" started-at="2022-08-09T19:57:05 MSK" name="testIsItemFromVerticalListVisible" data-provider="vertical-list-params" finished-at="2022-08-09T19:57:11 MSK" duration-ms="5400" status="PASS">
          <params>
            <param index="0">
              <value>
                <![CDATA[Ноутбуки, компьютеры, мониторы]]>
              </value>
            </param>
          </params>
          <reporter-output>
          </reporter-output>
        </test-method> <!-- testIsItemFromVerticalListVisible -->
        <test-method signature="testIsItemFromVerticalListVisible(java.lang.String)[pri:0, instance:com.it_academy.page_object.testNg.OnlinerCatalogPageTest@3d299393]" started-at="2022-08-09T19:57:11 MSK" name="testIsItemFromVerticalListVisible" data-provider="vertical-list-params" finished-at="2022-08-09T19:57:16 MSK" duration-ms="4911" status="PASS">
          <params>
            <param index="0">
              <value>
                <![CDATA[Комплектующие]]>
              </value>
            </param>
          </params>
          <reporter-output>
          </reporter-output>
        </test-method> <!-- testIsItemFromVerticalListVisible -->
        <test-method signature="testIsItemFromVerticalListVisible(java.lang.String)[pri:0, instance:com.it_academy.page_object.testNg.OnlinerCatalogPageTest@3d299393]" started-at="2022-08-09T19:57:16 MSK" name="testIsItemFromVerticalListVisible" data-provider="vertical-list-params" finished-at="2022-08-09T19:57:21 MSK" duration-ms="5655" status="PASS">
          <params>
            <param index="0">
              <value>
                <![CDATA[Сетевое оборудование]]>
              </value>
            </param>
          </params>
          <reporter-output>
          </reporter-output>
        </test-method> <!-- testIsItemFromVerticalListVisible -->
        <test-method signature="testIsItemFromVerticalListVisible(java.lang.String)[pri:0, instance:com.it_academy.page_object.testNg.OnlinerCatalogPageTest@3d299393]" started-at="2022-08-09T19:57:21 MSK" name="testIsItemFromVerticalListVisible" data-provider="vertical-list-params" finished-at="2022-08-09T19:57:26 MSK" duration-ms="4865" status="PASS">
          <params>
            <param index="0">
              <value>
                <![CDATA[Хранение данных]]>
              </value>
            </param>
          </params>
          <reporter-output>
          </reporter-output>
        </test-method> <!-- testIsItemFromVerticalListVisible -->
        <test-method is-config="true" signature="close()[pri:0, instance:com.it_academy.page_object.testNg.OnlinerCatalogPageTest@3d299393]" started-at="2022-08-09T19:57:26 MSK" name="close" finished-at="2022-08-09T19:57:26 MSK" duration-ms="1" status="PASS">
          <reporter-output>
          </reporter-output>
        </test-method> <!-- close -->
      </class> <!-- com.it_academy.page_object.testNg.OnlinerCatalogPageTest -->
    </test> <!-- Parallel Tests firefox -->
  </suite> <!-- Parallel Testing Suite -->
</testng-results>
