<?xml version="1.0" encoding="UTF-8"?>
<testsuite xmlns:xsi="http://www.w3.org/2001/XMLSchema-instance" xsi:noNamespaceSchemaLocation="https://maven.apache.org/surefire/maven-surefire-plugin/xsd/surefire-test-report.xsd" name="TestSuite" time="117.885" tests="35" errors="0" skipped="0" failures="0">
  <properties>
[...]
</properties>
  <testcase name="testThatAllFilteredProductsHasNamePrefixFromValue" classname="com.it_academy.rest_api.APITest" time="4.894"/>
  <testcase name="testThatSushiProductFullNameNotEmpty" classname="com.it_academy.rest_api.APITest" time="1.438"/>
  <testcase name="testThatSushiProductIdNotEmpty" classname="com.it_academy.rest_api.APITest" time="0.187"/>
  <testcase name="testThatSushiProductKeyNotEmpty" classname="com.it_academy.rest_api.APITest" time="0.453"/>
  <testcase name="testThatSushiProductNameNotEmpty" classname="com.it_academy.rest_api.APITest" time="0.35"/>
  <testcase name="testAssertThatCarMarketDropdownListContainsValue" classname="com.it_academy.page_object.testNg.OnlinerHeaderPageTest" time="5.096"/>
  <testcase name="testAssertThatCarMarketDropdownListContainsValue" classname="com.it_academy.page_object.testNg.OnlinerHeaderPageTest" time="5.223"/>
  <testcase name="testAssertThatCarMarketDropdownListContainsValue" classname="com.it_academy.page_object.testNg.OnlinerHeaderPageTest" time="7.41"/>
  <testcase name="testAssertThatCarMarketDropdownListContainsValue" classname="com.it_academy.page_object.testNg.OnlinerHeaderPageTest" time="3.055"/>
  <testcase name="testAssertThatCarMarketDropdownListContainsValue" classname="com.it_academy.page_object.testNg.OnlinerHeaderPageTest" time="17.312"/>
  <testcase name="testAssertThatAllItemsMinPriceVisible" classname="com.it_academy.page_object.testNg.OnlinerCatalogPageTest" time="8.925"/>
  <testcase name="testAssertThatAllItemsQuantityVisible" classname="com.it_academy.page_object.testNg.OnlinerCatalogPageTest" time="0.41"/>
  <testcase name="testAssertThatCarMarketDropdownListHasSize" classname="com.it_academy.page_object.testNg.OnlinerHeaderPageTest" time="0.537"/>
  <testcase name="testAssertThatDropdownListIsDisplayedWhenMouseOnCarMarketTitle" classname="com.it_academy.page_object.testNg.OnlinerHeaderPageTest" time="10.48"/>
  <testcase name="testAssertThatAllItemsTitlesVisible" classname="com.it_academy.page_object.testNg.OnlinerCatalogPageTest" time="2.011"/>
  <testcase name="testIsItemFromHorizontalListVisible" classname="com.it_academy.page_object.testNg.OnlinerCatalogPageTest" time="2.428"/>
  <testcase name="testIsItemFromHorizontalListVisible" classname="com.it_academy.page_object.testNg.OnlinerCatalogPageTest" time="1.637"/>
  <testcase name="testIsItemFromHorizontalListVisible" classname="com.it_academy.page_object.testNg.OnlinerCatalogPageTest" time="1.702"/>
  <testcase name="testIsItemFromHorizontalListVisible" classname="com.it_academy.page_object.testNg.OnlinerCatalogPageTest" time="1.843"/>
  <testcase name="testIsItemFromHorizontalListVisible" classname="com.it_academy.page_object.testNg.OnlinerCatalogPageTest" time="2.041"/>
  <testcase name="testIsItemFromHorizontalListVisible" classname="com.it_academy.page_object.testNg.OnlinerCatalogPageTest" time="2.457"/>
  <testcase name="testIsItemFromHorizontalListVisible" classname="com.it_academy.page_object.testNg.OnlinerCatalogPageTest" time="1.607"/>
  <testcase name="testIsItemFromHorizontalListVisible" classname="com.it_academy.page_object.testNg.OnlinerCatalogPageTest" time="1.567"/>
  <testcase name="testIsItemFromHorizontalListVisible" classname="com.it_academy.page_object.testNg.OnlinerCatalogPageTest" time="1.678"/>
  <testcase name="testAssertThatDropdownListIsDisplayedWhenMouseOnHousesAndFlatsTitle" classname="com.it_academy.page_object.testNg.OnlinerHeaderPageTest" time="0.281"/>
  <testcase name="testAssertThatHousesAndFlatsDropdownListContainsValue" classname="com.it_academy.page_object.testNg.OnlinerHeaderPageTest" time="1.712"/>
  <testcase name="testAssertThatHousesAndFlatsDropdownListContainsValue" classname="com.it_academy.page_object.testNg.OnlinerHeaderPageTest" time="3.316"/>
  <testcase name="testAssertThatHousesAndFlatsDropdownListContainsValue" classname="com.it_academy.page_object.testNg.OnlinerHeaderPageTest" time="0.233"/>
  <testcase name="testAssertThatHousesAndFlatsDropdownListContainsValue" classname="com.it_academy.page_object.testNg.OnlinerHeaderPageTest" time="3.717"/>
  <testcase name="testAssertThatHousesAndFlatsDropdownListContainsValue" classname="com.it_academy.page_object.testNg.OnlinerHeaderPageTest" time="1.427"/>
  <testcase name="testIsItemFromVerticalListVisible" classname="com.it_academy.page_object.testNg.OnlinerCatalogPageTest" time="1.68"/>
  <testcase name="testIsItemFromVerticalListVisible" classname="com.it_academy.page_object.testNg.OnlinerCatalogPageTest" time="4.911"/>
  <testcase name="testIsItemFromVerticalListVisible" classname="com.it_academy.page_object.testNg.OnlinerCatalogPageTest" time="4.227"/>
  <testcase name="testIsItemFromVerticalListVisible" classname="com.it_academy.page_object.testNg.OnlinerCatalogPageTest" time="4.866"/>
  <testcase name="testAssertThatHousesAndFlatsDropdownListHasSize" classname="com.it_academy.page_object.testNg.OnlinerHeaderPageTest" time="1.161"/>
</testsuite>